This is pdfTeXk, Version 3.141592-1.40.3 (Web2C 7.5.6) (format=pdflatex 2013.9.30)  8 OCT 2014 19:46
entering extended mode
 %&-line parsing enabled.
**PulsarTermCurse_V2.tex
(./PulsarTermCurse_V2.tex
LaTeX2e <2005/12/01>
Babel <v3.8h> and hyphenation patterns for english, usenglishmax, dumylang, noh
yphenation, arabic, basque, bulgarian, coptic, welsh, czech, slovak, german, ng
erman, danish, esperanto, spanish, catalan, galician, estonian, farsi, finnish,
 french, greek, monogreek, ancientgreek, croatian, hungarian, interlingua, ibyc
us, indonesian, icelandic, italian, latin, mongolian, dutch, norsk, polish, por
tuguese, pinyin, romanian, russian, slovenian, uppersorbian, serbian, swedish, 
turkish, ukenglish, ukrainian, loaded.
(/usr/share/texmf/tex/latex/revtex/revtex4.cls
Document Class: revtex4 2001/08/02 v4.0 (http://publish.aps.org/revtex4/ for do
cumentation)
 Copyright (c) 2001 The American Physical Society.
 mailto:revtex@aps.org
 Licensed under the LPPL:
http://www.ctan.org/tex-archive/macros/latex/base/lppl.txt
 Arthur Ogawa <ogawa@teleport.com>
 Based on work by David Carlisle <david@dcarlisle.demon.co.uk>.
ltxutil: portions licensed from W. E. Baxter (web@superscript.com)
Class revtex4 Info: Repairing broken LateX \@sect on input line 596.
\intertabularlinepenalty=\count79
\@tbpen=\count80
\@arstrutbox@hline=\box26
Class revtex4 Info: Repairing broken LaTeX \@xbitor on input line 1610.
ltxgrid: portions licensed from W. E. Baxter (web@superscript.com)
\c@linecount=\count81
\output=\toks14
\@protection@box=\box27
\@topmark@saved=\toks15
\footins@saved=\box28
\pagesofar=\box29
\footbox=\box30
\pagegrid@col=\count82
Class revtex4 Info: Incorporating package {textcase}  [1998/11/12 v0.06 Text on
ly upper/lower case changing (DPC)]. on input line 3682.
(/usr/share/texmf/tex/latex/html/url.sty
Package: url 1999/03/02  ver 1.4  Verb mode for urls, email addresses, and file
 names
)
\c@affil=\count83
\absbox=\box31
\c@part=\count84
\c@section=\count85
\c@subsection=\count86
\c@subsubsection=\count87
\c@paragraph=\count88
\c@subparagraph=\count89
\abovecaptionskip=\skip41
\belowcaptionskip=\skip42
\c@figure=\count90
\c@table=\count91

(/usr/share/texmf/tex/latex/natbib/natbib.sty
Package: natbib 2007/02/05 8.0 (PWD)
\bibhang=\skip43
\bibsep=\skip44
LaTeX Info: Redefining \cite on input line 602.
\c@NAT@ctr=\count92
)
\widetext@top=\box32
\widetext@bot=\box33

(/usr/share/texmf/tex/latex/revtex/revsymb.sty
Package: revsymb 2001/08/02 v4.0 (http://publish.aps.org/revtex4/ for documenta
tion)
LaTeX Info: Redefining \REV@mathfrak on input line 118.
))
(/usr/share/texmf/tex/latex/revtex/aps.rtx
File: aps.rtx 2001/08/02 v4.0 (http://publish.aps.org/revtex4/ for documentatio
n)
)
(/usr/share/texmf/tex/latex/revtex/10pt.rtx
File: 10pt.rtx 2001/08/02 v4.0 (http://publish.aps.org/revtex4/ for documentati
on)
) (./aas_macros.sty)
(/usr/share/texmf/tex/latex/amsfonts/amsfonts.sty
Package: amsfonts 2001/10/25 v2.2f
\@emptytoks=\toks16
\symAMSa=\mathgroup4
\symAMSb=\mathgroup5
LaTeX Font Info:    Overwriting math alphabet `\mathfrak' in version `bold'
(Font)                  U/euf/m/n --> U/euf/b/n on input line 132.
LaTeX Info: Redefining \frak on input line 135.
LaTeX Info: Redefining \Bbb on input line 137.
)
(/usr/share/texmf/tex/latex/amsmath/amsmath.sty
Package: amsmath 2000/07/18 v2.13 AMS math features
\@mathmargin=\skip45

For additional information on amsmath, use the `?' option.
(/usr/share/texmf/tex/latex/amsmath/amstext.sty
Package: amstext 2000/06/29 v2.01

(/usr/share/texmf/tex/latex/amsmath/amsgen.sty
File: amsgen.sty 1999/11/30 v2.0
\@emptytoks=\toks17
\ex@=\dimen102
))
(/usr/share/texmf/tex/latex/amsmath/amsbsy.sty
Package: amsbsy 1999/11/29 v1.2d
\pmbraise@=\dimen103
)
(/usr/share/texmf/tex/latex/amsmath/amsopn.sty
Package: amsopn 1999/12/14 v2.01 operator names
)
\inf@bad=\count93
LaTeX Info: Redefining \frac on input line 211.
\uproot@=\count94
\leftroot@=\count95
LaTeX Info: Redefining \overline on input line 307.
\classnum@=\count96
\DOTSCASE@=\count97
LaTeX Info: Redefining \ldots on input line 379.
LaTeX Info: Redefining \dots on input line 382.
LaTeX Info: Redefining \cdots on input line 467.
\Mathstrutbox@=\box34
\strutbox@=\box35
\big@size=\dimen104
LaTeX Font Info:    Redeclaring font encoding OML on input line 567.
LaTeX Font Info:    Redeclaring font encoding OMS on input line 568.
\macc@depth=\count98
\c@MaxMatrixCols=\count99
\dotsspace@=\muskip10
\c@parentequation=\count100
\dspbrk@lvl=\count101
\tag@help=\toks18
\row@=\count102
\column@=\count103
\maxfields@=\count104
\andhelp@=\toks19
\eqnshift@=\dimen105
\alignsep@=\dimen106
\tagshift@=\dimen107
\tagwidth@=\dimen108
\totwidth@=\dimen109
\lineht@=\dimen110
\@envbody=\toks20
\multlinegap=\skip46
\multlinetaggap=\skip47
\mathdisplay@stack=\toks21
LaTeX Info: Redefining \[ on input line 2666.
LaTeX Info: Redefining \] on input line 2667.
)
(/usr/share/texmf/tex/latex/amsfonts/amssymb.sty
Package: amssymb 2002/01/22 v2.2d
)
(/usr/share/texmf/tex/latex/subfig/subfig.sty
Package: subfig 2005/06/28 ver: 1.3 subfig package

(/usr/share/texmf/tex/latex/graphics/keyval.sty
Package: keyval 1999/03/16 v1.13 key=value parser (DPC)
\KV@toks@=\toks22
)
(/usr/share/texmf/tex/latex/caption/caption.sty
Package: caption 2007/01/07 v3.0k Customising captions (AR)

(/usr/share/texmf/tex/latex/caption/caption3.sty
Package: caption3 2007/01/07 v3.0k caption3 kernel (AR)
\captionmargin=\dimen111
\captionmarginx=\dimen112
\captionwidth=\dimen113
\captionindent=\dimen114
\captionparindent=\dimen115
\captionhangindent=\dimen116
))
\c@KVtest=\count105
\sf@farskip=\skip48
\sf@captopadj=\dimen117
\sf@capskip=\skip49
\sf@nearskip=\skip50
\c@subfigure=\count106
\c@subfigure@save=\count107
\c@lofdepth=\count108
\c@subtable=\count109
\c@subtable@save=\count110
\c@lotdepth=\count111
\sf@top=\skip51
\sf@bottom=\skip52
)
(/usr/share/texmf/tex/latex/graphics/graphicx.sty
Package: graphicx 1999/02/16 v1.0f Enhanced LaTeX Graphics (DPC,SPQR)

(/usr/share/texmf/tex/latex/graphics/graphics.sty
Package: graphics 2006/02/20 v1.0o Standard LaTeX Graphics (DPC,SPQR)

(/usr/share/texmf/tex/latex/graphics/trig.sty
Package: trig 1999/03/16 v1.09 sin cos tan (DPC)
)
(/usr/share/texmf/tex/latex/config/graphics.cfg
File: graphics.cfg 2007/01/18 v1.5 graphics configuration of teTeX/TeXLive
)
Package graphics Info: Driver file: pdftex.def on input line 90.

(/usr/share/texmf/tex/latex/pdftex-def/pdftex.def
File: pdftex.def 2007/01/08 v0.04d Graphics/color for pdfTeX
\Gread@gobject=\count112
))
\Gin@req@height=\dimen118
\Gin@req@width=\dimen119
)
(/usr/share/texmf/tex/latex/graphics/color.sty
Package: color 2005/11/14 v1.0j Standard LaTeX Color (DPC)

(/usr/share/texmf/tex/latex/config/color.cfg
File: color.cfg 2007/01/18 v1.5 color configuration of teTeX/TeXLive
)
Package color Info: Driver file: pdftex.def on input line 130.
) (./PulsarTermCurse_V2.aux)
\openout1 = `PulsarTermCurse_V2.aux'.

LaTeX Font Info:    Checking defaults for OML/cmm/m/it on input line 30.
LaTeX Font Info:    ... okay on input line 30.
LaTeX Font Info:    Checking defaults for T1/cmr/m/n on input line 30.
LaTeX Font Info:    ... okay on input line 30.
LaTeX Font Info:    Checking defaults for OT1/cmr/m/n on input line 30.
LaTeX Font Info:    ... okay on input line 30.
LaTeX Font Info:    Checking defaults for OMS/cmsy/m/n on input line 30.
LaTeX Font Info:    ... okay on input line 30.
LaTeX Font Info:    Checking defaults for OMX/cmex/m/n on input line 30.
LaTeX Font Info:    ... okay on input line 30.
LaTeX Font Info:    Checking defaults for U/cmr/m/n on input line 30.
LaTeX Font Info:    ... okay on input line 30.
Class revtex4 Info: Patching LaTeX tabular. on input line 30.
Class revtex4 Info: cite was not loaded (OK!) on input line 30.
Class revtex4 Info: multicol was not loaded (OK!) on input line 30.

(/usr/share/texmf/tex/latex/ragged2e/ragged2e.sty
Package: ragged2e 2003/03/25 v2.04 ragged2e Package (MS)

(/usr/share/texmf/tex/latex/everysel/everysel.sty
Package: everysel 1999/06/08 v1.03 EverySelectfont Package (MS)
LaTeX Info: Redefining \selectfont on input line 125.
)
\CenteringLeftskip=\skip53
\RaggedLeftLeftskip=\skip54
\RaggedRightLeftskip=\skip55
\CenteringRightskip=\skip56
\RaggedLeftRightskip=\skip57
\RaggedRightRightskip=\skip58
\CenteringParfillskip=\skip59
\RaggedLeftParfillskip=\skip60
\RaggedRightParfillskip=\skip61
\JustifyingParfillskip=\skip62
\CenteringParindent=\skip63
\RaggedLeftParindent=\skip64
\RaggedRightParindent=\skip65
\JustifyingParindent=\skip66
)
Package caption Info: subref 1.2 or 1.3 detected on input line 30.
LaTeX Info: Redefining \subref on input line 30.
LaTeX Font Info:    Try loading font information for U+msa on input line 49.

(/usr/share/texmf/tex/latex/amsfonts/umsa.fd
File: umsa.fd 2002/01/19 v2.2g AMS font definitions
)
LaTeX Font Info:    Try loading font information for U+msb on input line 49.

(/usr/share/texmf/tex/latex/amsfonts/umsb.fd
File: umsb.fd 2002/01/19 v2.2g AMS font definitions
)
Underfull \hbox (badness 2197) in paragraph at lines 49--50
 []\OT1/cmr/m/n/9 We de-scribe sev-eral new tech-niques which ac-cel-er-ate Bay
esian searches for con-tin-u-ous 
 []

[1{/var/lib/texmf/fonts/map/pdftex/updmap/pdftex.map}]
Underfull \hbox (badness 3646) in paragraph at lines 100--101
\OT1/cmr/m/n/10 be de-scribed as a lin-ear su-per-po-si-tion of ``plus''
 []


Underfull \hbox (badness 7221) in paragraph at lines 100--101
\OT1/cmr/m/n/10 and ``cross'' po-lar-i-sa-tion modes, with as-so-ci-ated
 []


Underfull \hbox (badness 7344) in paragraph at lines 100--101
\OT1/cmr/m/n/10 polarisation-amplitudes, $\OML/cmm/m/it/10 h[]$\OT1/cmr/m/n/10 
, and basis-tensors,
 []


Underfull \hbox (badness 5331) in paragraph at lines 100--101
\OT1/cmr/m/n/10 the di-rec-tion of GW-propagation, $[]$, is writ-ten
 []


Underfull \hbox (badness 4859) in paragraph at lines 118--119
[]\OT1/cmr/m/n/10 SMBH bi-na-ries are the pri-mary can-di-date for
 []

[2]
Overfull \hbox (9.75519pt too wide) in paragraph at lines 130--130
[] 
 []


Overfull \hbox (9.28233pt too wide) detected at line 147
\OML/cmm/m/it/10 ^^\[] \OMS/cmsy/m/n/10 ^^X [] \OT1/cmr/m/n/10 = 3\OML/cmm/m/it
/10 :\OT1/cmr/m/n/10 2 \OMS/cmsy/m/n/10 ^^B \OT1/cmr/m/n/10 10[] [] [][] [][] \
OML/cmm/m/it/10 ;
 []

[3]
Overfull \hbox (10.69469pt too wide) in paragraph at lines 185--185
[] 
 []


Overfull \hbox (10.134pt too wide) in paragraph at lines 218--218
[] 
 []

[4]
Underfull \hbox (badness 3547) in paragraph at lines 234--236
\OT1/cmr/m/n/10 where $\OML/cmm/m/it/10 ![] \OT1/cmr/m/n/10 = \OML/cmm/m/it/10 
![] \OMS/cmsy/m/n/10 ^^@ []\OML/cmm/m/it/10 L[]\OT1/cmr/m/n/10 (1 + [] \OMS/cms
y/m/n/10 ^^A []\OT1/cmr/m/n/10 )$, $[] =
 []


Overfull \hbox (7.2479pt too wide) in paragraph at lines 250--250
[] 
 []

[5]
LaTeX Font Info:    Try loading font information for OMS+cmr on input line 303.

 (/usr/share/texmf/tex/latex/base/omscmr.fd
File: omscmr.fd 1999/05/25 v2.5h Standard LaTeX font definitions
)
LaTeX Font Info:    Font shape `OMS/cmr/m/n' in size <10> not available
(Font)              Font shape `OMS/cmsy/m/n' tried instead on input line 303.

Underfull \hbox (badness 7944) in paragraph at lines 307--308
 []\OT1/cmr/bx/n/10 Type III: $\OT1/cmr/m/n/10 9$ pul-sars, vari-able ob-ser-va
-tion
 []


Underfull \hbox (badness 6691) in paragraph at lines 307--308
 \OT1/cmr/m/n/10 time-span, av-er-age $2$ week ca-dence, re-al-is-
 []


Underfull \hbox (badness 7291) in paragraph at lines 307--308
 \OT1/cmr/m/n/10 tic white-noise, $\OML/cmm/m/it/10 L[]$ \OT1/cmr/m/n/10 drawn 
from Gaus-sian
 []


Underfull \hbox (badness 2591) in paragraph at lines 307--308
 \OT1/cmr/m/n/10 dis-tri-bu-tion (mean$=$catalogued-value, standard-
 []

<TypeI_ev_final.pdf, id=40, 455.59727pt x 303.22197pt>
File: TypeI_ev_final.pdf Graphic file (type pdf)

<use TypeI_ev_final.pdf>
Overfull \hbox (9.00064pt too wide) in paragraph at lines 317--317
 [][] 
 []

<TypeIII_ev_final.pdf, id=41, 448.74318pt x 303.22197pt>
File: TypeIII_ev_final.pdf Graphic file (type pdf)

<use TypeIII_ev_final.pdf>
Overfull \hbox (8.99883pt too wide) in paragraph at lines 318--319
 [][] 
 []

<Evolve_NonEvolve_BayesSNR_15-06-2014.pdf, id=42, 587.19376pt x 442.65375pt>
File: Evolve_NonEvolve_BayesSNR_15-06-2014.pdf Graphic file (type pdf)

<use Evolve_NonEvolve_BayesSNR_15-06-2014.pdf>
Overfull \hbox (8.99715pt too wide) in paragraph at lines 324--325
 [][] 
 []

[6 <./TypeI_ev_final.pdf

pdfTeX warning: pdflatex (file ./TypeI_ev_final.pdf): PDF inclusion: Page Group
 detected which pdfTeX can't handle. Ignoring it.
> <./TypeIII_ev_final.pdf

pdfTeX warning: pdflatex (file ./TypeIII_ev_final.pdf): PDF inclusion: Page Gro
up detected which pdfTeX can't handle. Ignoring it.
>]
Underfull \hbox (badness 2376) in paragraph at lines 337--339
\OT1/cmr/m/n/10 where $\OMS/cmsy/m/n/10 h^^Ai[]$ \OT1/cmr/m/n/10 de-notes an ex
-pec-ta-tion value with re-
 []


Underfull \hbox (badness 1817) in paragraph at lines 343--344
\OT1/cmr/m/n/10 in sen-si-ble pa-ram-e-ters to form an in-jected sig-nal.
 []


Underfull \hbox (badness 10000) in paragraph at lines 343--344
[]$\OT1/cmr/m/n/10 ,
 []

[7 <./Evolve_NonEvolve_BayesSNR_15-06-2014.pdf>]
<P-P_plot_15-06-2014.pdf, id=122, 587.19376pt x 442.65375pt>
File: P-P_plot_15-06-2014.pdf Graphic file (type pdf)

<use P-P_plot_15-06-2014.pdf>
Overfull \hbox (8.99715pt too wide) in paragraph at lines 368--369
 [][] 
 []


<M7e8_Fgw2m8_SNR8_MaxPost_WrongDist_15-06-2014.pdf, id=123, 925.05597pt x 582.6
7688pt>
File: M7e8_Fgw2m8_SNR8_MaxPost_WrongDist_15-06-2014.pdf Graphic file (type pdf)

 <use M7e8_Fgw2m8_SNR8_MaxPost_WrongDist_15-06-2014.pdf>
<M1p8e8_Fgw2m8_SNR8_MaxPost_15-06-2014.pdf, id=124, 925.05597pt x 582.67688pt>
File: M1p8e8_Fgw2m8_SNR8_MaxPost_15-06-2014.pdf Graphic file (type pdf)

<use M1p8e8_Fgw2m8_SNR8_MaxPost_15-06-2014.pdf>
<ROCcurves_M7e8_Fgw2m8_15-06-2014.pdf, id=125, 587.19376pt x 442.65375pt>
File: ROCcurves_M7e8_Fgw2m8_15-06-2014.pdf Graphic file (type pdf)

<use ROCcurves_M7e8_Fgw2m8_15-06-2014.pdf>
Overfull \hbox (8.99715pt too wide) in paragraph at lines 401--402
 [][] 
 []

[8 <./P-P_plot_15-06-2014.pdf>] [9 <./M7e8_Fgw2m8_SNR8_MaxPost_WrongDist_15-06-
2014.pdf>] [10 <./M1p8e8_Fgw2m8_SNR8_MaxPost_15-06-2014.pdf>]

LaTeX Warning: A float is stuck (cannot be placed); try class option [floatfix]
 on input line 437.

<Evolve_NonEvolve_TemplateCompare.png, id=301, 586.8324pt x 442.2924pt>
File: Evolve_NonEvolve_TemplateCompare.png Graphic file (type png)

<use Evolve_NonEvolve_TemplateCompare.png>
Overfull \hbox (8.99245pt too wide) in paragraph at lines 462--463
 [][] 
 []

[11 <./ROCcurves_M7e8_Fgw2m8_15-06-2014.pdf> <./Evolve_NonEvolve_TemplateCompar
e.png>] <fig7a_Final.pdf, id=342, 255.79504pt x 168.67155pt>
File: fig7a_Final.pdf Graphic file (type pdf)

<use fig7a_Final.pdf> <fig7b_Final.pdf, id=343, 252.32549pt x 172.86934pt>
File: fig7b_Final.pdf Graphic file (type pdf)

<use fig7b_Final.pdf>
Underfull \hbox (badness 2269) in paragraph at lines 495--496
[]\OT1/cmr/m/n/10 Given the over-lap ap-prox-i-ma-tions and the non-
 []


Overfull \hbox (20.07138pt too wide) in paragraph at lines 507--507
[] 
 []

[12]
Overfull \hbox (9.6669pt too wide) in paragraph at lines 515--515
[] 
 []


<M7e8_Fgw2m8_SNR8_MaxPost_NonEvAnalytic_15-06-2014.pdf, id=347, 716.37639pt x 4
30.0065pt>
File: M7e8_Fgw2m8_SNR8_MaxPost_NonEvAnalytic_15-06-2014.pdf Graphic file (type 
pdf)
 <use M7e8_Fgw2m8_SNR8_MaxPost_NonEvAnalytic_15-06-2014.pdf>
<M1p8e8_Fgw2m8_SNR8_MaxPost_NonEvAnalytic_15-06-2014.pdf, id=348, 716.37639pt x
 430.0065pt>
File: M1p8e8_Fgw2m8_SNR8_MaxPost_NonEvAnalytic_15-06-2014.pdf Graphic file (typ
e pdf)
 <use M1p8e8_Fgw2m8_SNR8_MaxPost_NonEvAnalytic_15-06-2014.pdf>
[13 <./fig7a_Final.pdf> <./fig7b_Final.pdf>] [14 <./M7e8_Fgw2m8_SNR8_MaxPost_No
nEvAnalytic_15-06-2014.pdf> <./M1p8e8_Fgw2m8_SNR8_MaxPost_NonEvAnalytic_15-06-2
014.pdf>]
Overfull \hbox (6.42735pt too wide) detected at line 573
[] [] \OMS/cmsy/m/n/10 / [] [] \OML/cmm/m/it/10 :
 []

<FpBp_Compare.pdf, id=624, 587.19376pt x 442.65375pt>
File: FpBp_Compare.pdf Graphic file (type pdf)
 <use FpBp_Compare.pdf>
Overfull \hbox (8.24223pt too wide) in paragraph at lines 605--605
[] 
 []


Underfull \hbox (badness 1057) in paragraph at lines 624--625
\OT1/cmr/m/n/10 con-sin Space Grant Con-sor-tium. JG is sup-ported
 []

(./PulsarTermCurse_V2.bbl [15] [16 <./FpBp_Compare.pdf>])

Class revtex4 Warning: Environment acknowledgements is obsolete;
Use acknowledgments instead.

[17] (./PulsarTermCurse_V2.aux) ) 
Here is how much of TeX's memory you used:
 3890 strings out of 256216
 51675 string characters out of 1917072
 140430 words of memory out of 1500000
 7115 multiletter control sequences out of 10000+200000
 13152 words of font info for 51 fonts, out of 1200000 for 2000
 645 hyphenation exceptions out of 8191
 43i,12n,43p,1669b,364s stack positions out of 5000i,500n,6000p,200000b,15000s
</usr/share/texmf/fonts/type1/bluesky/cm/cmbx1
0.pfb></usr/share/texmf/fonts/type1/bluesky/cm/cmbx12.pfb></usr/share/texmf/fon
ts/type1/bluesky/cm/cmbx9.pfb></usr/share/texmf/fonts/type1/bluesky/cm/cmcsc10.
pfb></usr/share/texmf/fonts/type1/bluesky/cm/cmex10.pfb></usr/share/texmf/fonts
/type1/bluesky/cm/cmmi10.pfb></usr/share/texmf/fonts/type1/bluesky/cm/cmmi5.pfb
></usr/share/texmf/fonts/type1/bluesky/cm/cmmi6.pfb></usr/share/texmf/fonts/typ
e1/bluesky/cm/cmmi7.pfb></usr/share/texmf/fonts/type1/bluesky/cm/cmmi9.pfb></us
r/share/texmf/fonts/type1/bluesky/cm/cmr10.pfb></usr/share/texmf/fonts/type1/bl
uesky/cm/cmr12.pfb></usr/share/texmf/fonts/type1/bluesky/cm/cmr6.pfb></usr/shar
e/texmf/fonts/type1/bluesky/cm/cmr7.pfb></usr/share/texmf/fonts/type1/bluesky/c
m/cmr8.pfb></usr/share/texmf/fonts/type1/bluesky/cm/cmr9.pfb></usr/share/texmf/
fonts/type1/bluesky/cm/cmsy10.pfb></usr/share/texmf/fonts/type1/bluesky/cm/cmsy
6.pfb></usr/share/texmf/fonts/type1/bluesky/cm/cmsy7.pfb></usr/share/texmf/font
s/type1/bluesky/cm/cmsy9.pfb></usr/share/texmf/fonts/type1/bluesky/cm/cmti10.pf
b></usr/share/texmf/fonts/type1/bluesky/cm/cmti9.pfb></usr/share/texmf/fonts/ty
pe1/bluesky/cm/cmtt8.pfb></usr/share/texmf/fonts/type1/bluesky/cm/cmtt9.pfb></u
sr/share/texmf/fonts/type1/bluesky/ams/msam10.pfb></usr/share/texmf/fonts/type1
/bluesky/ams/msbm10.pfb>
Output written on PulsarTermCurse_V2.pdf (17 pages, 1125189 bytes).
PDF statistics:
 766 PDF objects out of 1000 (max. 8388607)
 0 named destinations out of 1000 (max. 131072)
 66 words of extra memory for PDF output out of 10000 (max. 10000000)

